<?xml version="1.0" encoding="utf-8"?><testsuites name="pytest tests"><testsuite name="pytest" errors="0" failures="0" skipped="0" tests="21" time="0.980" timestamp="2026-01-19T16:59:57.932934+00:00" hostname="agent-env-b0803d19-ba9a-45c1-aa13-89a5bebf3c7d"><testcase classname="tests.test_public_api.TestPublicCommitteeAPI" name="test_get_committee_members" time="0.072" /><testcase classname="tests.test_public_api.TestPublicCommitteeAPI" name="test_get_committee_with_year_filter" time="0.041" /><testcase classname="tests.test_public_api.TestPublicCommitteeAPI" name="test_get_committee_member_by_slug" time="0.075" /><testcase classname="tests.test_public_api.TestPublicCommitteeAPI" name="test_get_committee_member_not_found" time="0.037" /><testcase classname="tests.test_public_api.TestPublicNewsAPI" name="test_get_news" time="0.033" /><testcase classname="tests.test_public_api.TestPublicNewsAPI" name="test_get_news_with_limit" time="0.037" /><testcase classname="tests.test_public_api.TestPublicNewsAPI" name="test_get_news_with_category_filter" time="0.035" /><testcase classname="tests.test_public_api.TestPublicNewsAPI" name="test_get_news_by_id" time="0.084" /><testcase classname="tests.test_public_api.TestPublicEventsAPI" name="test_get_events" time="0.039" /><testcase classname="tests.test_public_api.TestPublicEventsAPI" name="test_get_events_with_status_filter" time="0.037" /><testcase classname="tests.test_public_api.TestPublicEventsAPI" name="test_get_events_with_limit" time="0.034" /><testcase classname="tests.test_public_api.TestPublicEventsAPI" name="test_get_event_by_id" time="0.071" /><testcase classname="tests.test_public_api.TestPublicStatisticsAPI" name="test_get_statistics" time="0.037" /><testcase classname="tests.test_public_api.TestPublicGalleryAPI" name="test_get_gallery" time="0.036" /><testcase classname="tests.test_public_api.TestPublicPublicationsAPI" name="test_get_publications" time="0.038" /><testcase classname="tests.test_public_api.TestPublicMembersAPI" name="test_get_members" time="0.038" /><testcase classname="tests.test_public_api.TestPublicMembersAPI" name="test_members_have_required_fields" time="0.036" /><testcase classname="tests.test_public_api.TestPublicMembersAPI" name="test_members_have_certificate_path" time="0.037" /><testcase classname="tests.test_public_api.TestPublicMembersAPI" name="test_members_search" time="0.039" /><testcase classname="tests.test_public_api.TestPublicStatesAPI" name="test_get_states" time="0.037" /><testcase classname="tests.test_public_api.TestPublicSEOAPI" name="test_get_page_seo" time="0.036" /></testsuite></testsuites>