<?xml version="1.0" encoding="utf-8"?><testsuites name="pytest tests"><testsuite name="pytest" errors="0" failures="1" skipped="0" tests="18" time="0.888" timestamp="2026-01-19T16:21:29.013286+00:00" hostname="agent-env-4bbc52d1-6778-49c5-a1df-86636f0949b8"><testcase classname="tests.test_public_api.TestPublicCommitteeAPI" name="test_get_committee_members" time="0.076" /><testcase classname="tests.test_public_api.TestPublicCommitteeAPI" name="test_get_committee_with_year_filter" time="0.036" /><testcase classname="tests.test_public_api.TestPublicCommitteeAPI" name="test_get_committee_member_by_slug" time="0.079" /><testcase classname="tests.test_public_api.TestPublicCommitteeAPI" name="test_get_committee_member_not_found" time="0.034" /><testcase classname="tests.test_public_api.TestPublicNewsAPI" name="test_get_news" time="0.039" /><testcase classname="tests.test_public_api.TestPublicNewsAPI" name="test_get_news_with_limit" time="0.037" /><testcase classname="tests.test_public_api.TestPublicNewsAPI" name="test_get_news_with_category_filter" time="0.036" /><testcase classname="tests.test_public_api.TestPublicNewsAPI" name="test_get_news_by_id" time="0.068" /><testcase classname="tests.test_public_api.TestPublicEventsAPI" name="test_get_events" time="0.034" /><testcase classname="tests.test_public_api.TestPublicEventsAPI" name="test_get_events_with_status_filter" time="0.037" /><testcase classname="tests.test_public_api.TestPublicEventsAPI" name="test_get_events_with_limit" time="0.035" /><testcase classname="tests.test_public_api.TestPublicEventsAPI" name="test_get_event_by_id" time="0.071" /><testcase classname="tests.test_public_api.TestPublicStatisticsAPI" name="test_get_statistics" time="0.034" /><testcase classname="tests.test_public_api.TestPublicGalleryAPI" name="test_get_gallery" time="0.037" /><testcase classname="tests.test_public_api.TestPublicPublicationsAPI" name="test_get_publications" time="0.034" /><testcase classname="tests.test_public_api.TestPublicMembersAPI" name="test_get_members" time="0.036"><failure message="assert 520 == 200&#10; +  where 520 = &lt;Response [520]&gt;.status_code">tests/test_public_api.py:228: in test_get_members
    assert response.status_code == 200
E   assert 520 == 200
E    +  where 520 = &lt;Response [520]&gt;.status_code</failure></testcase><testcase classname="tests.test_public_api.TestPublicStatesAPI" name="test_get_states" time="0.035" /><testcase classname="tests.test_public_api.TestPublicSEOAPI" name="test_get_page_seo" time="0.036" /></testsuite></testsuites>