<?xml version="1.0" encoding="utf-8"?><testsuites name="pytest tests"><testsuite name="pytest" errors="0" failures="0" skipped="0" tests="24" time="1.662" timestamp="2026-01-19T15:53:22.971561+00:00" hostname="agent-env-4bbc52d1-6778-49c5-a1df-86636f0949b8"><testcase classname="tests.test_admin_api.TestAuthentication" name="test_login_success" time="0.325" /><testcase classname="tests.test_admin_api.TestAuthentication" name="test_login_invalid_credentials" time="0.043" /><testcase classname="tests.test_admin_api.TestDashboard" name="test_get_dashboard_stats" time="0.296" /><testcase classname="tests.test_admin_api.TestMembersAPI" name="test_get_all_members" time="0.041" /><testcase classname="tests.test_admin_api.TestMembersAPI" name="test_member_has_all_required_fields" time="0.036" /><testcase classname="tests.test_admin_api.TestCommitteeAPI" name="test_get_all_committee" time="0.038" /><testcase classname="tests.test_admin_api.TestCommitteeAPI" name="test_create_committee_member" time="0.037" /><testcase classname="tests.test_admin_api.TestCommitteeAPI" name="test_update_committee_member" time="0.041" /><testcase classname="tests.test_admin_api.TestCommitteeAPI" name="test_delete_committee_member" time="0.075" /><testcase classname="tests.test_admin_api.TestEventsAPI" name="test_get_all_events" time="0.037" /><testcase classname="tests.test_admin_api.TestEventsAPI" name="test_create_event" time="0.047" /><testcase classname="tests.test_admin_api.TestEventsAPI" name="test_update_event" time="0.037" /><testcase classname="tests.test_admin_api.TestEventsAPI" name="test_delete_event" time="0.077" /><testcase classname="tests.test_admin_api.TestNewsAPI" name="test_get_all_news" time="0.037" /><testcase classname="tests.test_admin_api.TestNewsAPI" name="test_create_news" time="0.048" /><testcase classname="tests.test_admin_api.TestNewsAPI" name="test_update_news" time="0.039" /><testcase classname="tests.test_admin_api.TestNewsAPI" name="test_delete_news" time="0.040" /><testcase classname="tests.test_admin_api.TestGalleryAPI" name="test_get_all_gallery" time="0.041" /><testcase classname="tests.test_admin_api.TestApplicationsAPI" name="test_get_all_applications" time="0.036" /><testcase classname="tests.test_admin_api.TestApplicationsAPI" name="test_get_applications_by_status" time="0.035" /><testcase classname="tests.test_admin_api.TestUnauthorizedAccess" name="test_members_without_auth" time="0.037" /><testcase classname="tests.test_admin_api.TestUnauthorizedAccess" name="test_committee_without_auth" time="0.035" /><testcase classname="tests.test_admin_api.TestUnauthorizedAccess" name="test_events_without_auth" time="0.034" /><testcase classname="tests.test_admin_api.TestUnauthorizedAccess" name="test_news_without_auth" time="0.034" /></testsuite></testsuites>